# JRE version: OpenJDK Runtime Environment (Zulu 8.52.0.23-CA-win64) (8.0_282-b08) (build 1.8.0_282-b08)
# Java VM: OpenJDK 64-Bit Server VM (25.282-b08 mixed mode windows-amd64 compressed oops)
Heap:
 PSYoungGen      total 421376K, used 41401K [0x00000000d5580000, 0x00000000f0b00000, 0x0000000100000000)
  eden space 417792K, 9% used [0x00000000d5580000,0x00000000d7dee458,0x00000000eed80000)
  from space 3584K, 0% used [0x00000000f0780000,0x00000000f0780000,0x00000000f0b00000)
  to   space 14848K, 0% used [0x00000000eee00000,0x00000000eee00000,0x00000000efc80000)
 ParOldGen       total 96256K, used 24243K [0x0000000080000000, 0x0000000085e00000, 0x00000000d5580000)
  object space 96256K, 25% used [0x0000000080000000,0x00000000817aced8,0x0000000085e00000)
 Metaspace       used 36464K, capacity 37324K, committed 37544K, reserved 1083392K
  class space    used 4129K, capacity 4492K, committed 4520K, reserved 1048576K
GC Heap History (10 events):
Event: 14.645 GC heap before
{Heap before GC invocations=10 (full 1):
 PSYoungGen      total 225792K, used 225378K [0x00000000d5580000, 0x00000000e6080000, 0x0000000100000000)
  eden space 224768K, 100% used [0x00000000d5580000,0x00000000e3100000,0x00000000e3100000)
  from space 1024K, 59% used [0x00000000e5f80000,0x00000000e6018a90,0x00000000e6080000)
  to   space 10240K, 0% used [0x00000000e4c80000,0x00000000e4c80000,0x00000000e5680000)
 ParOldGen       total 53248K, used 8372K [0x0000000080000000, 0x0000000083400000, 0x00000000d5580000)
  object space 53248K, 15% used [0x0000000080000000,0x000000008082d088,0x0000000083400000)
 Metaspace       used 28140K, capacity 28526K, committed 28928K, reserved 1075200K
  class space    used 3145K, capacity 3260K, committed 3328K, reserved 1048576K
Event: 14.674 GC heap after
Heap after GC invocations=10 (full 1):
 PSYoungGen      total 263168K, used 10214K [0x00000000d5580000, 0x00000000ea200000, 0x0000000100000000)
  eden space 252928K, 0% used [0x00000000d5580000,0x00000000d5580000,0x00000000e4c80000)
  from space 10240K, 99% used [0x00000000e4c80000,0x00000000e56799d0,0x00000000e5680000)
  to   space 12800K, 0% used [0x00000000e9580000,0x00000000e9580000,0x00000000ea200000)
 ParOldGen       total 53248K, used 10974K [0x0000000080000000, 0x0000000083400000, 0x00000000d5580000)
  object space 53248K, 20% used [0x0000000080000000,0x0000000080ab7908,0x0000000083400000)
 Metaspace       used 28140K, capacity 28526K, committed 28928K, reserved 1075200K
  class space    used 3145K, capacity 3260K, committed 3328K, reserved 1048576K
}
Event: 19.419 GC heap before
{Heap before GC invocations=11 (full 1):
 PSYoungGen      total 263168K, used 263142K [0x00000000d5580000, 0x00000000ea200000, 0x0000000100000000)
  eden space 252928K, 100% used [0x00000000d5580000,0x00000000e4c80000,0x00000000e4c80000)
  from space 10240K, 99% used [0x00000000e4c80000,0x00000000e56799d0,0x00000000e5680000)
  to   space 12800K, 0% used [0x00000000e9580000,0x00000000e9580000,0x00000000ea200000)
 ParOldGen       total 53248K, used 10974K [0x0000000080000000, 0x0000000083400000, 0x00000000d5580000)
  object space 53248K, 20% used [0x0000000080000000,0x0000000080ab7908,0x0000000083400000)
 Metaspace       used 31381K, capacity 32068K, committed 32256K, reserved 1077248K
  class space    used 3525K, capacity 3791K, committed 3840K, reserved 1048576K
Event: 19.476 GC heap after
Heap after GC invocations=11 (full 1):
 PSYoungGen      total 325120K, used 12786K [0x00000000d5580000, 0x00000000ecb00000, 0x0000000100000000)
  eden space 312320K, 0% used [0x00000000d5580000,0x00000000d5580000,0x00000000e8680000)
  from space 12800K, 99% used [0x00000000e9580000,0x00000000ea1fc840,0x00000000ea200000)
  to   space 15360K, 0% used [0x00000000e8680000,0x00000000e8680000,0x00000000e9580000)
 ParOldGen       total 53248K, used 12802K [0x0000000080000000, 0x0000000083400000, 0x00000000d5580000)
  object space 53248K, 24% used [0x0000000080000000,0x0000000080c80848,0x0000000083400000)
 Metaspace       used 31381K, capacity 32068K, committed 32256K, reserved 1077248K
  class space    used 3525K, capacity 3791K, committed 3840K, reserved 1048576K
}
Event: 24.010 GC heap before
{Heap before GC invocations=12 (full 1):
 PSYoungGen      total 325120K, used 325106K [0x00000000d5580000, 0x00000000ecb00000, 0x0000000100000000)
  eden space 312320K, 100% used [0x00000000d5580000,0x00000000e8680000,0x00000000e8680000)
  from space 12800K, 99% used [0x00000000e9580000,0x00000000ea1fc840,0x00000000ea200000)
  to   space 15360K, 0% used [0x00000000e8680000,0x00000000e8680000,0x00000000e9580000)
 ParOldGen       total 53248K, used 12802K [0x0000000080000000, 0x0000000083400000, 0x00000000d5580000)
  object space 53248K, 24% used [0x0000000080000000,0x0000000080c80848,0x0000000083400000)
 Metaspace       used 32432K, capacity 33234K, committed 33408K, reserved 1079296K
  class space    used 3583K, capacity 3926K, committed 3968K, reserved 1048576K
Event: 24.056 GC heap after
Heap after GC invocations=12 (full 1):
 PSYoungGen      total 327680K, used 1792K [0x00000000d5580000, 0x00000000f1680000, 0x0000000100000000)
  eden space 312320K, 0% used [0x00000000d5580000,0x00000000d5580000,0x00000000e8680000)
  from space 15360K, 11% used [0x00000000e8680000,0x00000000e8840010,0x00000000e9580000)
  to   space 15360K, 0% used [0x00000000f0780000,0x00000000f0780000,0x00000000f1680000)
 ParOldGen       total 53248K, used 25480K [0x0000000080000000, 0x0000000083400000, 0x00000000d5580000)
  object space 53248K, 47% used [0x0000000080000000,0x00000000818e2358,0x0000000083400000)
 Metaspace       used 32432K, capacity 33234K, committed 33408K, reserved 1079296K
  class space    used 3583K, capacity 3926K, committed 3968K, reserved 1048576K
}
Event: 30.138 GC heap before
{Heap before GC invocations=13 (full 1):
 PSYoungGen      total 327680K, used 232481K [0x00000000d5580000, 0x00000000f1680000, 0x0000000100000000)
  eden space 312320K, 73% used [0x00000000d5580000,0x00000000e36c86a0,0x00000000e8680000)
  from space 15360K, 11% used [0x00000000e8680000,0x00000000e8840010,0x00000000e9580000)
  to   space 15360K, 0% used [0x00000000f0780000,0x00000000f0780000,0x00000000f1680000)
 ParOldGen       total 53248K, used 25480K [0x0000000080000000, 0x0000000083400000, 0x00000000d5580000)
  object space 53248K, 47% used [0x0000000080000000,0x00000000818e2358,0x0000000083400000)
 Metaspace       used 34544K, capacity 35402K, committed 35496K, reserved 1081344K
  class space    used 3867K, capacity 4259K, committed 4264K, reserved 1048576K
Event: 30.148 GC heap after
Heap after GC invocations=13 (full 1):
 PSYoungGen      total 421376K, used 3187K [0x00000000d5580000, 0x00000000f0b00000, 0x0000000100000000)
  eden space 417792K, 0% used [0x00000000d5580000,0x00000000d5580000,0x00000000eed80000)
  from space 3584K, 88% used [0x00000000f0780000,0x00000000f0a9ce40,0x00000000f0b00000)
  to   space 14848K, 0% used [0x00000000eee00000,0x00000000eee00000,0x00000000efc80000)
 ParOldGen       total 53248K, used 26640K [0x0000000080000000, 0x0000000083400000, 0x00000000d5580000)
  object space 53248K, 50% used [0x0000000080000000,0x0000000081a04358,0x0000000083400000)
 Metaspace       used 34544K, capacity 35402K, committed 35496K, reserved 1081344K
  class space    used 3867K, capacity 4259K, committed 4264K, reserved 1048576K
}
Event: 30.148 GC heap before
{Heap before GC invocations=14 (full 2):
 PSYoungGen      total 421376K, used 3187K [0x00000000d5580000, 0x00000000f0b00000, 0x0000000100000000)
  eden space 417792K, 0% used [0x00000000d5580000,0x00000000d5580000,0x00000000eed80000)
  from space 3584K, 88% used [0x00000000f0780000,0x00000000f0a9ce40,0x00000000f0b00000)
  to   space 14848K, 0% used [0x00000000eee00000,0x00000000eee00000,0x00000000efc80000)
 ParOldGen       total 53248K, used 26640K [0x0000000080000000, 0x0000000083400000, 0x00000000d5580000)
  object space 53248K, 50% used [0x0000000080000000,0x0000000081a04358,0x0000000083400000)
 Metaspace       used 34544K, capacity 35402K, committed 35496K, reserved 1081344K
  class space    used 3867K, capacity 4259K, committed 4264K, reserved 1048576K
Event: 30.545 GC heap after
Heap after GC invocations=14 (full 2):
 PSYoungGen      total 421376K, used 0K [0x00000000d5580000, 0x00000000f0b00000, 0x0000000100000000)
  eden space 417792K, 0% used [0x00000000d5580000,0x00000000d5580000,0x00000000eed80000)
  from space 3584K, 0% used [0x00000000f0780000,0x00000000f0780000,0x00000000f0b00000)
  to   space 14848K, 0% used [0x00000000eee00000,0x00000000eee00000,0x00000000efc80000)
 ParOldGen       total 96256K, used 24243K [0x0000000080000000, 0x0000000085e00000, 0x00000000d5580000)
  object space 96256K, 25% used [0x0000000080000000,0x00000000817aced8,0x0000000085e00000)
 Metaspace       used 34544K, capacity 35402K, committed 35496K, reserved 1081344K
  class space    used 3867K, capacity 4259K, committed 4264K, reserved 1048576K
}

