# JRE version: OpenJDK Runtime Environment (Zulu 8.52.0.23-CA-win64) (8.0_282-b08) (build 1.8.0_282-b08)
# Java VM: OpenJDK 64-Bit Server VM (25.282-b08 mixed mode windows-amd64 compressed oops)
Heap:
 PSYoungGen      total 512000K, used 346642K [0x00000000d5580000, 0x00000000f6500000, 0x0000000100000000)
  eden space 508416K, 67% used [0x00000000d5580000,0x00000000ea4ec8a0,0x00000000f4600000)
  from space 3584K, 88% used [0x00000000f6180000,0x00000000f6498060,0x00000000f6500000)
  to   space 14336K, 0% used [0x00000000f4900000,0x00000000f4900000,0x00000000f5700000)
 ParOldGen       total 86528K, used 36873K [0x0000000080000000, 0x0000000085480000, 0x00000000d5580000)
  object space 86528K, 42% used [0x0000000080000000,0x00000000824025a0,0x0000000085480000)
 Metaspace       used 49606K, capacity 50900K, committed 50984K, reserved 1093632K
  class space    used 5857K, capacity 6380K, committed 6440K, reserved 1048576K
GC Heap History (10 events):
Event: 33.709 GC heap before
{Heap before GC invocations=14 (full 1):
 PSYoungGen      total 284160K, used 281728K [0x00000000d5580000, 0x00000000e7a80000, 0x0000000100000000)
  eden space 277504K, 100% used [0x00000000d5580000,0x00000000e6480000,0x00000000e6480000)
  from space 6656K, 63% used [0x00000000e7400000,0x00000000e7820000,0x00000000e7a80000)
  to   space 11264K, 0% used [0x00000000e6480000,0x00000000e6480000,0x00000000e6f80000)
 ParOldGen       total 49152K, used 19082K [0x0000000080000000, 0x0000000083000000, 0x00000000d5580000)
  object space 49152K, 38% used [0x0000000080000000,0x00000000812a28e8,0x0000000083000000)
 Metaspace       used 32352K, capacity 33170K, committed 33408K, reserved 1079296K
  class space    used 3586K, capacity 3926K, committed 3968K, reserved 1048576K
Event: 33.731 GC heap after
Heap after GC invocations=14 (full 1):
 PSYoungGen      total 288768K, used 1184K [0x00000000d5580000, 0x00000000eeb80000, 0x0000000100000000)
  eden space 277504K, 0% used [0x00000000d5580000,0x00000000d5580000,0x00000000e6480000)
  from space 11264K, 10% used [0x00000000e6480000,0x00000000e65a8010,0x00000000e6f80000)
  to   space 11776K, 0% used [0x00000000ee000000,0x00000000ee000000,0x00000000eeb80000)
 ParOldGen       total 49152K, used 22842K [0x0000000080000000, 0x0000000083000000, 0x00000000d5580000)
  object space 49152K, 46% used [0x0000000080000000,0x000000008164e8f8,0x0000000083000000)
 Metaspace       used 32352K, capacity 33170K, committed 33408K, reserved 1079296K
  class space    used 3586K, capacity 3926K, committed 3968K, reserved 1048576K
}
Event: 41.750 GC heap before
{Heap before GC invocations=15 (full 1):
 PSYoungGen      total 288768K, used 255673K [0x00000000d5580000, 0x00000000eeb80000, 0x0000000100000000)
  eden space 277504K, 91% used [0x00000000d5580000,0x00000000e4e06678,0x00000000e6480000)
  from space 11264K, 10% used [0x00000000e6480000,0x00000000e65a8010,0x00000000e6f80000)
  to   space 11776K, 0% used [0x00000000ee000000,0x00000000ee000000,0x00000000eeb80000)
 ParOldGen       total 49152K, used 22842K [0x0000000080000000, 0x0000000083000000, 0x00000000d5580000)
  object space 49152K, 46% used [0x0000000080000000,0x000000008164e8f8,0x0000000083000000)
 Metaspace       used 34492K, capacity 35368K, committed 35496K, reserved 1081344K
  class space    used 3860K, capacity 4245K, committed 4264K, reserved 1048576K
Event: 41.781 GC heap after
Heap after GC invocations=15 (full 1):
 PSYoungGen      total 390656K, used 3490K [0x00000000d5580000, 0x00000000ee480000, 0x0000000100000000)
  eden space 386048K, 0% used [0x00000000d5580000,0x00000000d5580000,0x00000000ece80000)
  from space 4608K, 75% used [0x00000000ee000000,0x00000000ee368aa8,0x00000000ee480000)
  to   space 11264K, 0% used [0x00000000ece80000,0x00000000ece80000,0x00000000ed980000)
 ParOldGen       total 49152K, used 23338K [0x0000000080000000, 0x0000000083000000, 0x00000000d5580000)
  object space 49152K, 47% used [0x0000000080000000,0x00000000816ca8f8,0x0000000083000000)
 Metaspace       used 34492K, capacity 35368K, committed 35496K, reserved 1081344K
  class space    used 3860K, capacity 4245K, committed 4264K, reserved 1048576K
}
Event: 41.781 GC heap before
{Heap before GC invocations=16 (full 2):
 PSYoungGen      total 390656K, used 3490K [0x00000000d5580000, 0x00000000ee480000, 0x0000000100000000)
  eden space 386048K, 0% used [0x00000000d5580000,0x00000000d5580000,0x00000000ece80000)
  from space 4608K, 75% used [0x00000000ee000000,0x00000000ee368aa8,0x00000000ee480000)
  to   space 11264K, 0% used [0x00000000ece80000,0x00000000ece80000,0x00000000ed980000)
 ParOldGen       total 49152K, used 23338K [0x0000000080000000, 0x0000000083000000, 0x00000000d5580000)
  object space 49152K, 47% used [0x0000000080000000,0x00000000816ca8f8,0x0000000083000000)
 Metaspace       used 34492K, capacity 35368K, committed 35496K, reserved 1081344K
  class space    used 3860K, capacity 4245K, committed 4264K, reserved 1048576K
Event: 42.058 GC heap after
Heap after GC invocations=16 (full 2):
 PSYoungGen      total 390656K, used 0K [0x00000000d5580000, 0x00000000ee480000, 0x0000000100000000)
  eden space 386048K, 0% used [0x00000000d5580000,0x00000000d5580000,0x00000000ece80000)
  from space 4608K, 0% used [0x00000000ee000000,0x00000000ee000000,0x00000000ee480000)
  to   space 11264K, 0% used [0x00000000ece80000,0x00000000ece80000,0x00000000ed980000)
 ParOldGen       total 86528K, used 24450K [0x0000000080000000, 0x0000000085480000, 0x00000000d5580000)
  object space 86528K, 28% used [0x0000000080000000,0x00000000817e0868,0x0000000085480000)
 Metaspace       used 34492K, capacity 35368K, committed 35496K, reserved 1081344K
  class space    used 3860K, capacity 4245K, committed 4264K, reserved 1048576K
}
Event: 58.834 GC heap before
{Heap before GC invocations=17 (full 2):
 PSYoungGen      total 390656K, used 386048K [0x00000000d5580000, 0x00000000ee480000, 0x0000000100000000)
  eden space 386048K, 100% used [0x00000000d5580000,0x00000000ece80000,0x00000000ece80000)
  from space 4608K, 0% used [0x00000000ee000000,0x00000000ee000000,0x00000000ee480000)
  to   space 11264K, 0% used [0x00000000ece80000,0x00000000ece80000,0x00000000ed980000)
 ParOldGen       total 86528K, used 24450K [0x0000000080000000, 0x0000000085480000, 0x00000000d5580000)
  object space 86528K, 28% used [0x0000000080000000,0x00000000817e0868,0x0000000085480000)
 Metaspace       used 48244K, capacity 49318K, committed 49448K, reserved 1093632K
  class space    used 5718K, capacity 6133K, committed 6184K, reserved 1048576K
Event: 59.094 GC heap after
Heap after GC invocations=17 (full 2):
 PSYoungGen      total 397312K, used 11243K [0x00000000d5580000, 0x00000000f7000000, 0x0000000100000000)
  eden space 386048K, 0% used [0x00000000d5580000,0x00000000d5580000,0x00000000ece80000)
  from space 11264K, 99% used [0x00000000ece80000,0x00000000ed97ae88,0x00000000ed980000)
  to   space 14848K, 0% used [0x00000000f6180000,0x00000000f6180000,0x00000000f7000000)
 ParOldGen       total 86528K, used 29624K [0x0000000080000000, 0x0000000085480000, 0x00000000d5580000)
  object space 86528K, 34% used [0x0000000080000000,0x0000000081cee058,0x0000000085480000)
 Metaspace       used 48244K, capacity 49318K, committed 49448K, reserved 1093632K
  class space    used 5718K, capacity 6133K, committed 6184K, reserved 1048576K
}
Event: 80.584 GC heap before
{Heap before GC invocations=18 (full 2):
 PSYoungGen      total 397312K, used 397291K [0x00000000d5580000, 0x00000000f7000000, 0x0000000100000000)
  eden space 386048K, 100% used [0x00000000d5580000,0x00000000ece80000,0x00000000ece80000)
  from space 11264K, 99% used [0x00000000ece80000,0x00000000ed97ae88,0x00000000ed980000)
  to   space 14848K, 0% used [0x00000000f6180000,0x00000000f6180000,0x00000000f7000000)
 ParOldGen       total 86528K, used 29624K [0x0000000080000000, 0x0000000085480000, 0x00000000d5580000)
  object space 86528K, 34% used [0x0000000080000000,0x0000000081cee058,0x0000000085480000)
 Metaspace       used 49069K, capacity 50294K, committed 50344K, reserved 1093632K
  class space    used 5794K, capacity 6274K, committed 6312K, reserved 1048576K
Event: 80.625 GC heap after
Heap after GC invocations=18 (full 2):
 PSYoungGen      total 512000K, used 3168K [0x00000000d5580000, 0x00000000f6500000, 0x0000000100000000)
  eden space 508416K, 0% used [0x00000000d5580000,0x00000000d5580000,0x00000000f4600000)
  from space 3584K, 88% used [0x00000000f6180000,0x00000000f6498060,0x00000000f6500000)
  to   space 14336K, 0% used [0x00000000f4900000,0x00000000f4900000,0x00000000f5700000)
 ParOldGen       total 86528K, used 36873K [0x0000000080000000, 0x0000000085480000, 0x00000000d5580000)
  object space 86528K, 42% used [0x0000000080000000,0x00000000824025a0,0x0000000085480000)
 Metaspace       used 49069K, capacity 50294K, committed 50344K, reserved 1093632K
  class space    used 5794K, capacity 6274K, committed 6312K, reserved 1048576K
}

